<component name="libraryTable">
  <library name="junit-4.12">
    <CLASSES>
      <root url="jar://$PROJECT_DIR$/../下载/junit-4.12.jar!/" />
      <root url="jar://$PROJECT_DIR$/../下载/hamcrest-core-1.3.jar!/" />
      <root url="jar://$PROJECT_DIR$/../下载/dom4j-2.1.0.jar!/" />
    </CLASSES>
    <JAVADOC />
    <SOURCES />
  </library>
</component>